Determining if the pthread_create exist failed with the following output:
Change Dir: /home/ubuntu/projet/mutu/utilisateur/CMakeFiles/CMakeTmp

Run Build Command:"/usr/bin/make" "cmTC_465cf/fast"
/usr/bin/make -f CMakeFiles/cmTC_465cf.dir/build.make CMakeFiles/cmTC_465cf.dir/build
make[1]: Entering directory '/home/ubuntu/projet/mutu/utilisateur/CMakeFiles/CMakeTmp'
Building C object CMakeFiles/cmTC_465cf.dir/CheckSymbolExists.c.o
/usr/bin/cc     -o CMakeFiles/cmTC_465cf.dir/CheckSymbolExists.c.o   -c /home/ubuntu/projet/mutu/utilisateur/CMakeFiles/CMakeTmp/CheckSymbolExists.c
Linking C executable cmTC_465cf
/usr/bin/cmake -E cmake_link_script CMakeFiles/cmTC_465cf.dir/link.txt --verbose=1
/usr/bin/cc       CMakeFiles/cmTC_465cf.dir/CheckSymbolExists.c.o  -o cmTC_465cf -rdynamic 
CMakeFiles/cmTC_465cf.dir/CheckSymbolExists.c.o: In function `main':
CheckSymbolExists.c:(.text+0xe): undefined reference to `pthread_create'
CheckSymbolExists.c:(.text+0x12): undefined reference to `pthread_create'
collect2: error: ld returned 1 exit status
CMakeFiles/cmTC_465cf.dir/build.make:97: recipe for target 'cmTC_465cf' failed
make[1]: *** [cmTC_465cf] Error 1
make[1]: Leaving directory '/home/ubuntu/projet/mutu/utilisateur/CMakeFiles/CMakeTmp'
Makefile:126: recipe for target 'cmTC_465cf/fast' failed
make: *** [cmTC_465cf/fast] Error 2

File /home/ubuntu/projet/mutu/utilisateur/CMakeFiles/CMakeTmp/CheckSymbolExists.c:
/* */
#include <pthread.h>

int main(int argc, char** argv)
{
  (void)argv;
#ifndef pthread_create
  return ((int*)(&pthread_create))[argc];
#else
  (void)argc;
  return 0;
#endif
}

Determining if the function pthread_create exists in the pthreads failed with the following output:
Change Dir: /home/ubuntu/projet/mutu/utilisateur/CMakeFiles/CMakeTmp

Run Build Command:"/usr/bin/make" "cmTC_18b82/fast"
/usr/bin/make -f CMakeFiles/cmTC_18b82.dir/build.make CMakeFiles/cmTC_18b82.dir/build
make[1]: Entering directory '/home/ubuntu/projet/mutu/utilisateur/CMakeFiles/CMakeTmp'
Building C object CMakeFiles/cmTC_18b82.dir/CheckFunctionExists.c.o
/usr/bin/cc    -DCHECK_FUNCTION_EXISTS=pthread_create   -o CMakeFiles/cmTC_18b82.dir/CheckFunctionExists.c.o   -c /usr/share/cmake-3.5/Modules/CheckFunctionExists.c
Linking C executable cmTC_18b82
/usr/bin/cmake -E cmake_link_script CMakeFiles/cmTC_18b82.dir/link.txt --verbose=1
/usr/bin/cc   -DCHECK_FUNCTION_EXISTS=pthread_create    CMakeFiles/cmTC_18b82.dir/CheckFunctionExists.c.o  -o cmTC_18b82 -rdynamic -lpthreads 
/usr/bin/ld: cannot find -lpthreads
collect2: error: ld returned 1 exit status
CMakeFiles/cmTC_18b82.dir/build.make:97: recipe for target 'cmTC_18b82' failed
make[1]: *** [cmTC_18b82] Error 1
make[1]: Leaving directory '/home/ubuntu/projet/mutu/utilisateur/CMakeFiles/CMakeTmp'
Makefile:126: recipe for target 'cmTC_18b82/fast' failed
make: *** [cmTC_18b82/fast] Error 2


