Determining if the pthread_create exist failed with the following output:
Change Dir: /home/ubuntu/projet/mutu/lidar/CMakeFiles/CMakeTmp

Run Build Command:"/usr/bin/make" "cmTC_92007/fast"
/usr/bin/make -f CMakeFiles/cmTC_92007.dir/build.make CMakeFiles/cmTC_92007.dir/build
make[1]: Entering directory '/home/ubuntu/projet/mutu/lidar/CMakeFiles/CMakeTmp'
Building C object CMakeFiles/cmTC_92007.dir/CheckSymbolExists.c.o
/usr/bin/cc     -o CMakeFiles/cmTC_92007.dir/CheckSymbolExists.c.o   -c /home/ubuntu/projet/mutu/lidar/CMakeFiles/CMakeTmp/CheckSymbolExists.c
Linking C executable cmTC_92007
/usr/bin/cmake -E cmake_link_script CMakeFiles/cmTC_92007.dir/link.txt --verbose=1
/usr/bin/cc       CMakeFiles/cmTC_92007.dir/CheckSymbolExists.c.o  -o cmTC_92007 -rdynamic 
CMakeFiles/cmTC_92007.dir/CheckSymbolExists.c.o: In function `main':
CheckSymbolExists.c:(.text+0xe): undefined reference to `pthread_create'
CheckSymbolExists.c:(.text+0x12): undefined reference to `pthread_create'
collect2: error: ld returned 1 exit status
CMakeFiles/cmTC_92007.dir/build.make:97: recipe for target 'cmTC_92007' failed
make[1]: *** [cmTC_92007] Error 1
make[1]: Leaving directory '/home/ubuntu/projet/mutu/lidar/CMakeFiles/CMakeTmp'
Makefile:126: recipe for target 'cmTC_92007/fast' failed
make: *** [cmTC_92007/fast] Error 2

File /home/ubuntu/projet/mutu/lidar/CMakeFiles/CMakeTmp/CheckSymbolExists.c:
/* */
#include <pthread.h>

int main(int argc, char** argv)
{
  (void)argv;
#ifndef pthread_create
  return ((int*)(&pthread_create))[argc];
#else
  (void)argc;
  return 0;
#endif
}

Determining if the function pthread_create exists in the pthreads failed with the following output:
Change Dir: /home/ubuntu/projet/mutu/lidar/CMakeFiles/CMakeTmp

Run Build Command:"/usr/bin/make" "cmTC_cf5ca/fast"
/usr/bin/make -f CMakeFiles/cmTC_cf5ca.dir/build.make CMakeFiles/cmTC_cf5ca.dir/build
make[1]: Entering directory '/home/ubuntu/projet/mutu/lidar/CMakeFiles/CMakeTmp'
Building C object CMakeFiles/cmTC_cf5ca.dir/CheckFunctionExists.c.o
/usr/bin/cc    -DCHECK_FUNCTION_EXISTS=pthread_create   -o CMakeFiles/cmTC_cf5ca.dir/CheckFunctionExists.c.o   -c /usr/share/cmake-3.5/Modules/CheckFunctionExists.c
Linking C executable cmTC_cf5ca
/usr/bin/cmake -E cmake_link_script CMakeFiles/cmTC_cf5ca.dir/link.txt --verbose=1
/usr/bin/cc   -DCHECK_FUNCTION_EXISTS=pthread_create    CMakeFiles/cmTC_cf5ca.dir/CheckFunctionExists.c.o  -o cmTC_cf5ca -rdynamic -lpthreads 
/usr/bin/ld: cannot find -lpthreads
collect2: error: ld returned 1 exit status
CMakeFiles/cmTC_cf5ca.dir/build.make:97: recipe for target 'cmTC_cf5ca' failed
make[1]: *** [cmTC_cf5ca] Error 1
make[1]: Leaving directory '/home/ubuntu/projet/mutu/lidar/CMakeFiles/CMakeTmp'
Makefile:126: recipe for target 'cmTC_cf5ca/fast' failed
make: *** [cmTC_cf5ca/fast] Error 2


